<?xml version="1.0" encoding="UTF-8"?>
<testsuite xmlns:xsi="http://www.w3.org/2001/XMLSchema-instance" xsi:noNamespaceSchemaLocation="https://maven.apache.org/surefire/maven-surefire-plugin/xsd/surefire-test-report-3.0.xsd" version="3.0" name="ma.formation.datarest.TestArticles" time="6.059" tests="2" errors="0" skipped="0" failures="0">
  <properties>
[...]
</properties>
  <testcase name="shouldGetArticleById" classname="ma.formation.datarest.TestArticles" time="0.637">
    <system-out><![CDATA[19:40:58.188 [main] INFO org.springframework.test.context.support.AnnotationConfigContextLoaderUtils -- Could not detect default configuration classes for test class [ma.formation.datarest.TestArticles]: TestArticles does not declare any static, non-private, non-final, nested classes annotated with @Configuration.
19:40:58.269 [main] INFO org.springframework.boot.test.context.SpringBootTestContextBootstrapper -- Found @SpringBootConfiguration ma.formation.datarest.DataRestApplication for test class ma.formation.datarest.TestArticles
19:40:58.424 [main] INFO org.springframework.boot.devtools.restart.RestartApplicationListener -- Restart disabled due to context in which it is running

  .   ____          _            __ _ _
 /\\ / ___'_ __ _ _(_)_ __  __ _ \ \ \ \
( ( )\___ | '_ | '_| | '_ \/ _` | \ \ \ \
 \\/  ___)| |_)| | | | | || (_| |  ) ) ) )
  '  |____| .__|_| |_|_| |_\__, | / / / /
 =========|_|==============|___/=/_/_/_/
 :: Spring Boot ::                (v3.2.5)

2025-12-01T19:40:58.613+01:00  INFO 22764 --- [data-rest] [           main] ma.formation.datarest.TestArticles       : Starting TestArticles using Java 17.0.17 with PID 22764 (started by Predator in C:\Users\palba\jee tp3)
2025-12-01T19:40:58.615+01:00  INFO 22764 --- [data-rest] [           main] ma.formation.datarest.TestArticles       : No active profile set, falling back to 1 default profile: "default"
2025-12-01T19:40:59.290+01:00  INFO 22764 --- [data-rest] [           main] .s.d.r.c.RepositoryConfigurationDelegate : Bootstrapping Spring Data JPA repositories in DEFAULT mode.
2025-12-01T19:40:59.338+01:00  INFO 22764 --- [data-rest] [           main] .s.d.r.c.RepositoryConfigurationDelegate : Finished Spring Data repository scanning in 41 ms. Found 2 JPA repository interfaces.
2025-12-01T19:40:59.893+01:00  INFO 22764 --- [data-rest] [           main] o.hibernate.jpa.internal.util.LogHelper  : HHH000204: Processing PersistenceUnitInfo [name: default]
2025-12-01T19:40:59.999+01:00  INFO 22764 --- [data-rest] [           main] org.hibernate.Version                    : HHH000412: Hibernate ORM core version 6.4.4.Final
2025-12-01T19:41:00.037+01:00  INFO 22764 --- [data-rest] [           main] o.h.c.internal.RegionFactoryInitiator    : HHH000026: Second-level cache disabled
2025-12-01T19:41:00.324+01:00  INFO 22764 --- [data-rest] [           main] o.s.o.j.p.SpringPersistenceUnitInfo      : No LoadTimeWeaver setup: ignoring JPA class transformer
2025-12-01T19:41:00.356+01:00  INFO 22764 --- [data-rest] [           main] com.zaxxer.hikari.HikariDataSource       : HikariPool-1 - Starting...
2025-12-01T19:41:00.518+01:00  INFO 22764 --- [data-rest] [           main] com.zaxxer.hikari.pool.HikariPool        : HikariPool-1 - Added connection conn0: url=jdbc:h2:mem:ecommerce-db user=SA
2025-12-01T19:41:00.520+01:00  INFO 22764 --- [data-rest] [           main] com.zaxxer.hikari.HikariDataSource       : HikariPool-1 - Start completed.
2025-12-01T19:41:01.284+01:00  INFO 22764 --- [data-rest] [           main] o.h.e.t.j.p.i.JtaPlatformInitiator       : HHH000489: No JTA platform available (set 'hibernate.transaction.jta.platform' to enable JTA platform integration)
Hibernate: create table articles (id bigint generated by default as identity, description varchar(255) not null, price float(53) not null, quantity integer not null, categorie_id bigint, primary key (id))
Hibernate: create table categories (id bigint generated by default as identity, categorie varchar(255) not null, primary key (id))
Hibernate: alter table if exists categories drop constraint if exists UK_oi74gj5vp0hpj2u9l43finpp2
Hibernate: alter table if exists categories add constraint UK_oi74gj5vp0hpj2u9l43finpp2 unique (categorie)
Hibernate: alter table if exists articles add constraint FK2ml6tluped3m24b9289na6ege foreign key (categorie_id) references categories
2025-12-01T19:41:01.333+01:00  INFO 22764 --- [data-rest] [           main] j.LocalContainerEntityManagerFactoryBean : Initialized JPA EntityManagerFactory for persistence unit 'default'
2025-12-01T19:41:01.995+01:00  WARN 22764 --- [data-rest] [           main] JpaBaseConfiguration$JpaWebConfiguration : spring.jpa.open-in-view is enabled by default. Therefore, database queries may be performed during view rendering. Explicitly configure spring.jpa.open-in-view to disable this warning
2025-12-01T19:41:02.901+01:00  INFO 22764 --- [data-rest] [           main] o.s.b.a.h2.H2ConsoleAutoConfiguration    : H2 console available at '/h2-console'. Database available at 'jdbc:h2:mem:ecommerce-db'
2025-12-01T19:41:02.982+01:00  INFO 22764 --- [data-rest] [           main] o.s.b.t.m.w.SpringBootMockServletContext : Initializing Spring TestDispatcherServlet ''
2025-12-01T19:41:02.982+01:00  INFO 22764 --- [data-rest] [           main] o.s.t.web.servlet.TestDispatcherServlet  : Initializing Servlet ''
2025-12-01T19:41:02.985+01:00  INFO 22764 --- [data-rest] [           main] o.s.t.web.servlet.TestDispatcherServlet  : Completed initialization in 1 ms
2025-12-01T19:41:03.016+01:00  INFO 22764 --- [data-rest] [           main] ma.formation.datarest.TestArticles       : Started TestArticles in 4.604 seconds (process running for 5.363)
Hibernate: select count(*) from articles a1_0
Hibernate: select count(*) from categories c1_0
Hibernate: insert into categories (categorie,id) values (?,default)
Hibernate: insert into categories (categorie,id) values (?,default)
Hibernate: insert into categories (categorie,id) values (?,default)
Hibernate: insert into articles (categorie_id,description,price,quantity,id) values (?,?,?,?,default)
Hibernate: insert into articles (categorie_id,description,price,quantity,id) values (?,?,?,?,default)
Hibernate: insert into articles (categorie_id,description,price,quantity,id) values (?,?,?,?,default)
Hibernate: insert into articles (categorie_id,description,price,quantity,id) values (?,?,?,?,default)
Hibernate: insert into articles (categorie_id,description,price,quantity,id) values (?,?,?,?,default)
Hibernate: select count(*) from categories c1_0
Hibernate: select count(*) from articles a1_0
2025-12-01T19:41:03.382+01:00  INFO 22764 --- [data-rest] [           main] m.f.datarest.DataRestApplication         : Sample data initialized: 3 categories / 5 articles
Hibernate: select a1_0.id,a1_0.categorie_id,a1_0.description,a1_0.price,a1_0.quantity from articles a1_0 order by a1_0.id
Hibernate: select a1_0.id,a1_0.categorie_id,a1_0.description,a1_0.price,a1_0.quantity from articles a1_0 where a1_0.id=?
]]></system-out>
  </testcase>
  <testcase name="shouldListArticles" classname="ma.formation.datarest.TestArticles" time="0.081">
    <system-out><![CDATA[Hibernate: select a1_0.id,a1_0.categorie_id,a1_0.description,a1_0.price,a1_0.quantity from articles a1_0 offset ? rows fetch first ? rows only
Hibernate: select c1_0.id,c1_0.categorie from categories c1_0 where c1_0.id=?
Hibernate: select c1_0.id,c1_0.categorie from categories c1_0 where c1_0.id=?
Hibernate: select c1_0.id,c1_0.categorie from categories c1_0 where c1_0.id=?
]]></system-out>
  </testcase>
</testsuite>